android/build/intermediates/manifest_merge_blame_file/debug/manifest-merger-blame-debug-report.txt
1<?xml version="1.0" encoding="utf-8"?>
2<manifest xmlns:android="http://schemas.android.com/apk/res/android"
3    package="com.sunmi.innerprinter"
4    android:versionCode="1"
5    android:versionName="1.0" >
6
7    <uses-sdk
8        android:minSdkVersion="16"
8-->src/main/AndroidManifest.xml
9        android:targetSdkVersion="22" />
9-->src/main/AndroidManifest.xml
10
11    <application>
11-->src/main/AndroidManifest.xml:2:3-25:17
12        <receiver
12-->src/main/AndroidManifest.xml:3:3-24:14
13            android:name="com.sunmi.innerprinter.PrinterReceiver"
13-->src/main/AndroidManifest.xml:3:13-66
14            android:enabled="true"
14-->src/main/AndroidManifest.xml:3:67-89
15            android:exported="true" >
15-->src/main/AndroidManifest.xml:3:90-113
16            <intent-filter android:priority="1000" >
16-->src/main/AndroidManifest.xml:4:7-23:23
16-->src/main/AndroidManifest.xml:4:22-45
17
18                <!-- 缺纸异常 -->
19                <action android:name="woyou.aidlservice.jiuv5.OUT_OF_PAPER_ACTION" />
19-->src/main/AndroidManifest.xml:6:9-78
19-->src/main/AndroidManifest.xml:6:17-75
20                <!-- 打印错误 -->
21                <action android:name="woyou.aidlservice.jiuv5.ERROR_ACTION" />
21-->src/main/AndroidManifest.xml:8:9-71
21-->src/main/AndroidManifest.xml:8:17-68
22                <!-- 可以打印 -->
23                <action android:name="woyou.aidlservice.jiuv5.NORMAL_ACTION" />
23-->src/main/AndroidManifest.xml:10:9-72
23-->src/main/AndroidManifest.xml:10:17-69
24                <!-- 开盖子 -->
25                <action android:name="woyou.aidlservice.jiuv5.COVER_OPEN_ACTION" />
25-->src/main/AndroidManifest.xml:12:9-76
25-->src/main/AndroidManifest.xml:12:17-73
26                <!-- 关盖子异常 -->
27                <action android:name="woyou.aidlservice.jiuv5.COVER_ERROR_ACTION" />
27-->src/main/AndroidManifest.xml:14:9-77
27-->src/main/AndroidManifest.xml:14:17-74
28                <!-- 切刀异常1－卡切刀 -->
29                <action android:name="woyou.aidlservice.jiuv5.KNIFE_ERROR_ACTION_1" />
29-->src/main/AndroidManifest.xml:16:9-79
29-->src/main/AndroidManifest.xml:16:17-76
30                <!-- 切刀异常2－切刀修复 -->
31                <action android:name="woyou.aidlservice.jiuv5.KNIFE_ERROR_ACTION_2" />
31-->src/main/AndroidManifest.xml:18:9-79
31-->src/main/AndroidManifest.xml:18:17-76
32                <!-- 打印头过热异常 -->
33                <action android:name="woyou.aidlservice.jiuv5.OVER_HEATING_ACITON" />
33-->src/main/AndroidManifest.xml:20:9-78
33-->src/main/AndroidManifest.xml:20:17-75
34                <!-- 打印机固件开始升级 -->
35                <action android:name="woyou.aidlservice.jiuv5.FIRMWARE_UPDATING_ACITON" />
35-->src/main/AndroidManifest.xml:22:9-83
35-->src/main/AndroidManifest.xml:22:17-80
36            </intent-filter>
37        </receiver>
38    </application>
39
40</manifest>